0 info it worked if it ends with ok
1 verbose cli [ 'node', '/usr/bin/npm', 'install', '-g', 'heroku' ]
2 info using npm@1.3.6
3 info using node@v0.10.48
4 verbose cache add [ 'heroku', null ]
5 verbose cache add name=undefined spec="heroku" args=["heroku",null]
6 verbose parsed url { protocol: null,
6 verbose parsed url   slashes: null,
6 verbose parsed url   auth: null,
6 verbose parsed url   host: null,
6 verbose parsed url   port: null,
6 verbose parsed url   hostname: null,
6 verbose parsed url   hash: null,
6 verbose parsed url   search: null,
6 verbose parsed url   query: null,
6 verbose parsed url   pathname: 'heroku',
6 verbose parsed url   path: 'heroku',
6 verbose parsed url   href: 'heroku' }
7 silly lockFile 9aef5f5a-heroku heroku
8 verbose lock heroku /root/.npm/9aef5f5a-heroku.lock
9 silly lockFile 9aef5f5a-heroku heroku
10 silly lockFile 9aef5f5a-heroku heroku
11 verbose addNamed [ 'heroku', '' ]
12 verbose addNamed [ null, '*' ]
13 silly lockFile 91601de1-heroku heroku@
14 verbose lock heroku@ /root/.npm/91601de1-heroku.lock
15 silly addNameRange { name: 'heroku', range: '*', hasData: false }
16 verbose url raw heroku
17 verbose url resolving [ 'https://registry.npmjs.org/', './heroku' ]
18 verbose url resolved https://registry.npmjs.org/heroku
19 info trying registry request attempt 1 at 00:40:18
20 http GET https://registry.npmjs.org/heroku
21 info retry will retry, error on last attempt: Error: UNABLE_TO_GET_ISSUER_CERT_LOCALLY
22 info trying registry request attempt 2 at 00:40:28
23 http GET https://registry.npmjs.org/heroku
24 info retry will retry, error on last attempt: Error: UNABLE_TO_GET_ISSUER_CERT_LOCALLY
25 info trying registry request attempt 3 at 00:41:28
26 http GET https://registry.npmjs.org/heroku
27 silly lockFile 91601de1-heroku heroku@
28 silly lockFile 91601de1-heroku heroku@
29 error Error: UNABLE_TO_GET_ISSUER_CERT_LOCALLY
29 error     at SecurePair.<anonymous> (tls.js:1430:32)
29 error     at SecurePair.emit (events.js:92:17)
29 error     at SecurePair.maybeInitFinished (tls.js:1029:10)
29 error     at CleartextStream.read [as _read] (tls.js:521:13)
29 error     at CleartextStream.Readable.read (_stream_readable.js:341:10)
29 error     at EncryptedStream.write [as _write] (tls.js:418:25)
29 error     at doWrite (_stream_writable.js:226:10)
29 error     at writeOrBuffer (_stream_writable.js:216:5)
29 error     at EncryptedStream.Writable.write (_stream_writable.js:183:11)
29 error     at write (_stream_readable.js:602:24)
30 error If you need help, you may report this log at:
30 error     <http://github.com/isaacs/npm/issues>
30 error or email it to:
30 error     <npm-@googlegroups.com>
31 error System Linux 4.14.70-67.55.amzn1.x86_64
32 error command "node" "/usr/bin/npm" "install" "-g" "heroku"
33 error cwd /home/ec2-user/environment/rottenpotatoes-rails-intro
34 error node -v v0.10.48
35 error npm -v 1.3.6
36 verbose exit [ 1, true ]
